{
  "RSpec": {
    "coverage": {
      "/Users/thomas.lightfoot/Projects/Week-Two/Oystercard-Challenge/spec/card_spec.rb": [
        1,
        null,
        1,
        null,
        7,
        null,
        1,
        11,
        null,
        null,
        1,
        1,
        null,
        null,
        1,
        1,
        null,
        null,
        1,
        1,
        1,
        null,
        null,
        1,
        2,
        null,
        null,
        1,
        1,
        1,
        null,
        null,
        1,
        1,
        1,
        1,
        null,
        null,
        1,
        1,
        2,
        null,
        null,
        1,
        4,
        null,
        null,
        1,
        1,
        1,
        null,
        null,
        1,
        1,
        1,
        1,
        null,
        null,
        1,
        1,
        1,
        1,
        1,
        1,
        null,
        null
      ],
      "/Users/thomas.lightfoot/Projects/Week-Two/Oystercard-Challenge/lib/card.rb": [
        1,
        null,
        1,
        null,
        1,
        1,
        null,
        1,
        15,
        15,
        15,
        15,
        null,
        null,
        1,
        2,
        1,
        null,
        null,
        1,
        7,
        6,
        6,
        null,
        null,
        1,
        5,
        5,
        5,
        5,
        5,
        null,
        null,
        1,
        2,
        null,
        null,
        1,
        null,
        1,
        2,
        null,
        null,
        1,
        7,
        null,
        null,
        1,
        5,
        null,
        null,
        null
      ]
    },
    "timestamp": 1539091766
  }
}
